2021-01-30 10:16:06.717  INFO 16480 --- [main] o.s.b.w.embedded.tomcat.TomcatWebServer  : Tomcat initialized with port(s): 8080 (http)
2021-01-30 10:16:06.735  INFO 16480 --- [main] o.apache.catalina.core.StandardService   : Starting service [Tomcat]
2021-01-30 10:16:06.735  INFO 16480 --- [main] org.apache.catalina.core.StandardEngine  : Starting Servlet engine: [Apache Tomcat/9.0.41]
2021-01-30 10:16:06.843  INFO 16480 --- [main] o.a.c.c.C.[.[localhost].[/mydemo]        : Initializing Spring embedded WebApplicationContext
2021-01-30 10:16:06.844  INFO 16480 --- [main] w.s.c.ServletWebServerApplicationContext : Root WebApplicationContext: initialization completed in 1438 ms
2021-01-30 10:16:07.114  INFO 16480 --- [main] o.s.s.concurrent.ThreadPoolTaskExecutor  : Initializing ExecutorService 'applicationTaskExecutor'
2021-01-30 10:16:07.313  WARN 16480 --- [main] ion$DefaultTemplateResolverConfiguration : Cannot find template location: classpath:/templates/ (please add some templates or check your Thymeleaf configuration)
2021-01-30 10:16:07.411  INFO 16480 --- [main] o.s.b.w.embedded.tomcat.TomcatWebServer  : Tomcat started on port(s): 8080 (http) with context path '/mydemo'
2021-01-30 10:35:44.068  INFO 15840 --- [main] o.s.b.w.embedded.tomcat.TomcatWebServer  : Tomcat initialized with port(s): 8080 (http)
2021-01-30 10:35:44.088  INFO 15840 --- [main] o.apache.catalina.core.StandardService   : Starting service [Tomcat]
2021-01-30 10:35:44.089  INFO 15840 --- [main] org.apache.catalina.core.StandardEngine  : Starting Servlet engine: [Apache Tomcat/9.0.41]
2021-01-30 10:35:44.218  INFO 15840 --- [main] o.a.c.c.C.[Tomcat].[localhost].[/]       : Initializing Spring embedded WebApplicationContext
2021-01-30 10:35:44.218  INFO 15840 --- [main] w.s.c.ServletWebServerApplicationContext : Root WebApplicationContext: initialization completed in 1451 ms
2021-01-30 10:35:44.481  INFO 15840 --- [main] o.s.s.concurrent.ThreadPoolTaskExecutor  : Initializing ExecutorService 'applicationTaskExecutor'
2021-01-30 10:35:44.674  WARN 15840 --- [main] ion$DefaultTemplateResolverConfiguration : Cannot find template location: classpath:/templates/ (please add some templates or check your Thymeleaf configuration)
2021-01-30 10:35:44.772  INFO 15840 --- [main] o.s.b.w.embedded.tomcat.TomcatWebServer  : Tomcat started on port(s): 8080 (http) with context path ''
2021-01-30 10:36:19.026  INFO 15920 --- [main] o.s.b.w.embedded.tomcat.TomcatWebServer  : Tomcat initialized with port(s): 80 (http)
2021-01-30 10:36:19.043  INFO 15920 --- [main] o.apache.catalina.core.StandardService   : Starting service [Tomcat]
2021-01-30 10:36:19.043  INFO 15920 --- [main] org.apache.catalina.core.StandardEngine  : Starting Servlet engine: [Apache Tomcat/9.0.41]
2021-01-30 10:36:19.146  INFO 15920 --- [main] o.a.c.c.C.[.[localhost].[/mydemo]        : Initializing Spring embedded WebApplicationContext
2021-01-30 10:36:19.147  INFO 15920 --- [main] w.s.c.ServletWebServerApplicationContext : Root WebApplicationContext: initialization completed in 1308 ms
2021-01-30 10:36:19.420  INFO 15920 --- [main] o.s.s.concurrent.ThreadPoolTaskExecutor  : Initializing ExecutorService 'applicationTaskExecutor'
2021-01-30 10:36:19.639  WARN 15920 --- [main] ion$DefaultTemplateResolverConfiguration : Cannot find template location: classpath:/templates/ (please add some templates or check your Thymeleaf configuration)
2021-01-30 10:36:19.733  INFO 15920 --- [main] o.s.b.w.embedded.tomcat.TomcatWebServer  : Tomcat started on port(s): 80 (http) with context path '/mydemo'
2021-01-30 10:38:49.682  INFO 17440 --- [main] o.s.b.w.embedded.tomcat.TomcatWebServer  : Tomcat initialized with port(s): 8080 (http)
2021-01-30 10:38:49.699  INFO 17440 --- [main] o.apache.catalina.core.StandardService   : Starting service [Tomcat]
2021-01-30 10:38:49.699  INFO 17440 --- [main] org.apache.catalina.core.StandardEngine  : Starting Servlet engine: [Apache Tomcat/9.0.41]
2021-01-30 10:38:49.798  INFO 17440 --- [main] o.a.c.c.C.[Tomcat].[localhost].[/]       : Initializing Spring embedded WebApplicationContext
2021-01-30 10:38:49.798  INFO 17440 --- [main] w.s.c.ServletWebServerApplicationContext : Root WebApplicationContext: initialization completed in 1355 ms
2021-01-30 10:38:50.099  INFO 17440 --- [main] o.s.s.concurrent.ThreadPoolTaskExecutor  : Initializing ExecutorService 'applicationTaskExecutor'
2021-01-30 10:38:50.309  WARN 17440 --- [main] ion$DefaultTemplateResolverConfiguration : Cannot find template location: classpath:/templates/ (please add some templates or check your Thymeleaf configuration)
2021-01-30 10:38:50.420  INFO 17440 --- [main] o.s.b.w.embedded.tomcat.TomcatWebServer  : Tomcat started on port(s): 8080 (http) with context path ''
